c:\users\jbs\documents\github\팀과제\apiteamproject\framework99c\debug\framework99c.pch
c:\users\jbs\documents\github\팀과제\apiteamproject\framework99c\debug\vc140.pdb
c:\users\jbs\documents\github\팀과제\apiteamproject\framework99c\debug\vc140.idb
c:\users\jbs\documents\github\팀과제\apiteamproject\framework99c\debug\stdafx.obj
c:\users\jbs\documents\github\팀과제\apiteamproject\framework99c\debug\bullet.obj
c:\users\jbs\documents\github\팀과제\apiteamproject\framework99c\debug\collsionmgr.obj
c:\users\jbs\documents\github\팀과제\apiteamproject\framework99c\debug\commonmonster.obj
c:\users\jbs\documents\github\팀과제\apiteamproject\framework99c\debug\framework99c.obj
c:\users\jbs\documents\github\팀과제\apiteamproject\framework99c\debug\gamemanager.obj
c:\users\jbs\documents\github\팀과제\apiteamproject\framework99c\debug\gameobject.obj
c:\users\jbs\documents\github\팀과제\apiteamproject\framework99c\debug\keyboardmgr.obj
c:\users\jbs\documents\github\팀과제\apiteamproject\framework99c\debug\maingame.obj
c:\users\jbs\documents\github\팀과제\apiteamproject\framework99c\debug\midboss.obj
c:\users\jbs\documents\github\팀과제\apiteamproject\framework99c\debug\monbullet.obj
c:\users\jbs\documents\github\팀과제\apiteamproject\framework99c\debug\monster.obj
c:\users\jbs\documents\github\팀과제\apiteamproject\framework99c\debug\pathmgr.obj
c:\users\jbs\documents\github\팀과제\apiteamproject\framework99c\debug\player.obj
c:\users\jbs\documents\github\팀과제\apiteamproject\framework99c\debug\resourcemgr.obj
c:\users\jbs\documents\github\팀과제\apiteamproject\framework99c\debug\spawnmanager.obj
c:\users\jbs\documents\github\팀과제\apiteamproject\framework99c\debug\stage.obj
c:\users\jbs\documents\github\팀과제\apiteamproject\framework99c\debug\texture.obj
c:\users\bsj10\onedrive\문서\github\apiteamproject\framework99c\debug\framework99c_debugx32.pch
c:\users\bsj10\onedrive\문서\github\apiteamproject\framework99c\debug\vc141.pdb
c:\users\bsj10\onedrive\문서\github\apiteamproject\framework99c\debug\vc141.idb
c:\users\bsj10\onedrive\문서\github\apiteamproject\framework99c\debug\stdafx.obj
c:\users\bsj10\onedrive\문서\github\apiteamproject\framework99c\debug\wingman.obj
c:\users\bsj10\onedrive\문서\github\apiteamproject\framework99c\debug\texture.obj
c:\users\bsj10\onedrive\문서\github\apiteamproject\framework99c\debug\stage.obj
c:\users\bsj10\onedrive\문서\github\apiteamproject\framework99c\debug\spawnmanager.obj
c:\users\bsj10\onedrive\문서\github\apiteamproject\framework99c\debug\resourcemgr.obj
c:\users\bsj10\onedrive\문서\github\apiteamproject\framework99c\debug\player.obj
c:\users\bsj10\onedrive\문서\github\apiteamproject\framework99c\debug\pathmgr.obj
c:\users\bsj10\onedrive\문서\github\apiteamproject\framework99c\debug\objectmgr.obj
c:\users\bsj10\onedrive\문서\github\apiteamproject\framework99c\debug\monster.obj
c:\users\bsj10\onedrive\문서\github\apiteamproject\framework99c\debug\monbullet.obj
c:\users\bsj10\onedrive\문서\github\apiteamproject\framework99c\debug\midboss.obj
c:\users\bsj10\onedrive\문서\github\apiteamproject\framework99c\debug\maingame.obj
c:\users\bsj10\onedrive\문서\github\apiteamproject\framework99c\debug\keyboardmgr.obj
c:\users\bsj10\onedrive\문서\github\apiteamproject\framework99c\debug\gameobject.obj
c:\users\bsj10\onedrive\문서\github\apiteamproject\framework99c\debug\gamemanager.obj
c:\users\bsj10\onedrive\문서\github\apiteamproject\framework99c\debug\framework99c.obj
c:\users\bsj10\onedrive\문서\github\apiteamproject\framework99c\debug\commonmonster.obj
c:\users\bsj10\onedrive\문서\github\apiteamproject\framework99c\debug\collsionmgr.obj
c:\users\bsj10\onedrive\문서\github\apiteamproject\framework99c\debug\animator.obj
c:\users\bsj10\onedrive\문서\github\apiteamproject\framework99c\debug\bullet.obj
c:\users\jbs\documents\github\팀과제\apiteamproject\debug\framework99c.ilk
c:\users\jbs\documents\github\팀과제\apiteamproject\debug\framework99c.exe
c:\users\jbs\documents\github\팀과제\apiteamproject\debug\framework99c.pdb
c:\users\bsj10\onedrive\문서\github\apiteamproject\framework99c\debug\framework99c_debugx32.ilk
c:\users\bsj10\onedrive\문서\github\apiteamproject\framework99c\debug\framework99c_debugx32.exe
c:\users\bsj10\onedrive\문서\github\apiteamproject\framework99c\debug\framework99c_debugx32.pdb
c:\users\jbs\documents\github\팀과제\apiteamproject\framework99c\debug\framework99c.res
c:\users\bsj10\onedrive\문서\github\apiteamproject\framework99c\debug\framework99c.res
c:\users\bsj10\onedrive\문서\github\apiteamproject\framework99c\debug\framework99c_debugx64.ilk
c:\users\bsj10\onedrive\문서\github\apiteamproject\framework99c\debug\framework99c.pch
c:\users\bsj10\onedrive\문서\github\apiteamproject\framework99c\debug\vc140.idb
c:\users\bsj10\onedrive\문서\github\apiteamproject\framework99c\debug\framework99c_debugx64.pdb
c:\users\bsj10\onedrive\문서\github\apiteamproject\framework99c\debug\vc140.pdb
c:\users\bsj10\onedrive\문서\github\apiteamproject\framework99c\.\debug\framework99c_debugx32.exe
c:\users\bsj10\onedrive\문서\github\apiteamproject\framework99c\debug\framework99c.tlog\cl.command.1.tlog
c:\users\bsj10\onedrive\문서\github\apiteamproject\framework99c\debug\framework99c.tlog\cl.read.1.tlog
c:\users\bsj10\onedrive\문서\github\apiteamproject\framework99c\debug\framework99c.tlog\cl.write.1.tlog
c:\users\bsj10\onedrive\문서\github\apiteamproject\framework99c\debug\framework99c.tlog\link.command.1.tlog
c:\users\bsj10\onedrive\문서\github\apiteamproject\framework99c\debug\framework99c.tlog\link.read.1.tlog
c:\users\bsj10\onedrive\문서\github\apiteamproject\framework99c\debug\framework99c.tlog\link.write.1.tlog
c:\users\bsj10\onedrive\문서\github\apiteamproject\framework99c\debug\framework99c.tlog\rc.command.1.tlog
c:\users\bsj10\onedrive\문서\github\apiteamproject\framework99c\debug\framework99c.tlog\rc.read.1.tlog
c:\users\bsj10\onedrive\문서\github\apiteamproject\framework99c\debug\framework99c.tlog\rc.write.1.tlog
