  stdafx.cpp
  Texture.cpp
  Stage.cpp
c:\users\jbs\documents\github\apiteamproject\framework99c\stage.cpp(39): warning C4244: '인수': 'float'에서 'int'(으)로 변환하면서 데이터가 손실될 수 있습니다.
  ResourceMgr.cpp
  Player.cpp
c:\users\jbs\documents\github\apiteamproject\framework99c\player.cpp(46): warning C4244: '인수': 'float'에서 'int'(으)로 변환하면서 데이터가 손실될 수 있습니다.
  PathMgr.cpp
  Monster.cpp
c:\users\jbs\documents\github\apiteamproject\framework99c\monster.cpp(45): warning C4244: '인수': 'float'에서 'int'(으)로 변환하면서 데이터가 손실될 수 있습니다.
  Maingame.cpp
  GameObject.cpp
  Framework99C.cpp
  CollsionMgr.cpp
c:\users\jbs\documents\github\apiteamproject\framework99c\collsionmgr.cpp(57): warning C4244: '=': 'float'에서 'int'(으)로 변환하면서 데이터가 손실될 수 있습니다.
c:\users\jbs\documents\github\apiteamproject\framework99c\collsionmgr.cpp(62): warning C4244: '=': 'float'에서 'int'(으)로 변환하면서 데이터가 손실될 수 있습니다.
c:\users\jbs\documents\github\apiteamproject\framework99c\collsionmgr.cpp(67): warning C4244: '=': 'float'에서 'int'(으)로 변환하면서 데이터가 손실될 수 있습니다.
c:\users\jbs\documents\github\apiteamproject\framework99c\collsionmgr.cpp(72): warning C4244: '=': 'float'에서 'int'(으)로 변환하면서 데이터가 손실될 수 있습니다.
  Bullet.cpp
c:\users\jbs\documents\github\apiteamproject\framework99c\bullet.cpp(48): warning C4244: '인수': 'float'에서 'int'(으)로 변환하면서 데이터가 손실될 수 있습니다.
  코드를 생성하고 있습니다...
  LINK : C:\Users\JBS\Documents\GitHub\APITeamProject\x64\Debug\Framework99C.exe을(를) 찾을 수 없거나 마지막 증분 링크에 의해 빌드되지 않았습니다. 전체 링크를 수행하고 있습니다.
  Framework99C.vcxproj -> C:\Users\JBS\Documents\GitHub\APITeamProject\x64\Debug\Framework99C.exe
  Framework99C.vcxproj -> C:\Users\JBS\Documents\GitHub\APITeamProject\x64\Debug\Framework99C.pdb (Full PDB)
